[debug] [2021-05-29T15:26:13.539Z] ----------------------------------------------------------------------
[debug] [2021-05-29T15:26:13.540Z] Command:       /usr/local/bin/node /usr/local/bin/firebase emulators:start
[debug] [2021-05-29T15:26:13.541Z] CLI Version:   9.10.2
[debug] [2021-05-29T15:26:13.541Z] Platform:      darwin
[debug] [2021-05-29T15:26:13.542Z] Node Version:  v14.16.0
[debug] [2021-05-29T15:26:13.543Z] Time:          Sat May 29 2021 11:26:13 GMT-0400 (Eastern Daylight Time)
[debug] [2021-05-29T15:26:13.543Z] ----------------------------------------------------------------------
[debug] 
[debug] [2021-05-29T15:26:13.551Z] > command requires scopes: ["email","openid","https://www.googleapis.com/auth/cloudplatformprojects.readonly","https://www.googleapis.com/auth/firebase","https://www.googleapis.com/auth/cloud-platform"]
[debug] [2021-05-29T15:26:13.551Z] > authorizing via signed-in user (nicole.allen679@gmail.com)
[info] i  emulators: Starting emulators: functions, hosting {"metadata":{"emulator":{"name":"hub"},"message":"Starting emulators: functions, hosting"}}
[debug] [2021-05-29T15:26:13.572Z] [hub] writing locator at /var/folders/16/nbwy3_p94p39y1j_g83z8cpm0000gn/T/hub-adoptablesf-na.json
[warn] ⚠  functions: The following emulators are not running, calls to these services from the Functions emulator will affect production: auth, firestore, database, pubsub {"metadata":{"emulator":{"name":"functions"},"message":"The following emulators are not running, calls to these services from the Functions emulator will affect production: \u001b[1mauth, firestore, database, pubsub\u001b[22m"}}
[warn] ⚠  Your requested "node" version "12" doesn't match your global version "14" {"metadata":{"emulator":{"name":"functions"},"message":"Your requested \"node\" version \"12\" doesn't match your global version \"14\""}}
[debug] [2021-05-29T15:26:13.633Z] defaultcredentials: writing to file /Users/nicoleallen/.config/firebase/nicole_allen679_gmail.com_application_default_credentials.json
[debug] [2021-05-29T15:26:13.637Z] Setting GAC to /Users/nicoleallen/.config/firebase/nicole_allen679_gmail.com_application_default_credentials.json {"metadata":{"emulator":{"name":"functions"},"message":"Setting GAC to /Users/nicoleallen/.config/firebase/nicole_allen679_gmail.com_application_default_credentials.json"}}
[debug] [2021-05-29T15:26:13.639Z] > refreshing access token with scopes: []
[debug] [2021-05-29T15:26:13.640Z] >>> HTTP REQUEST POST https://www.googleapis.com/oauth2/v3/token  
 <request body omitted>
[debug] [2021-05-29T15:26:13.754Z] <<< HTTP RESPONSE 200 {"cache-control":"no-cache, no-store, max-age=0, must-revalidate","pragma":"no-cache","expires":"Mon, 01 Jan 1990 00:00:00 GMT","date":"Sat, 29 May 2021 15:26:13 GMT","content-type":"application/json; charset=utf-8","vary":"X-Origin, Referer, Origin,Accept-Encoding","server":"scaffolding on HTTPServer2","x-xss-protection":"0","x-frame-options":"SAMEORIGIN","x-content-type-options":"nosniff","alt-svc":"h3-29=\":443\"; ma=2592000,h3-T051=\":443\"; ma=2592000,h3-Q050=\":443\"; ma=2592000,h3-Q046=\":443\"; ma=2592000,h3-Q043=\":443\"; ma=2592000,quic=\":443\"; ma=2592000; v=\"46,43\"","accept-ranges":"none","transfer-encoding":"chunked"}
[debug] [2021-05-29T15:26:13.799Z] >>> [apiv2][query] GET https://firebase.googleapis.com/v1beta1/projects/adoptablesf-na/adminSdkConfig [none]
[debug] [2021-05-29T15:26:14.121Z] <<< [apiv2][status] GET https://firebase.googleapis.com/v1beta1/projects/adoptablesf-na/adminSdkConfig 200
[debug] [2021-05-29T15:26:14.121Z] <<< [apiv2][body] GET https://firebase.googleapis.com/v1beta1/projects/adoptablesf-na/adminSdkConfig {"projectId":"adoptablesf-na","storageBucket":"adoptablesf-na.appspot.com","locationId":"us-central"}
[debug] [2021-05-29T15:26:14.157Z] >>> [apiv2][query] GET https://firebasehosting.googleapis.com/v1beta1/projects/adoptablesf-na/sites 
[debug] [2021-05-29T15:26:14.515Z] <<< [apiv2][status] GET https://firebasehosting.googleapis.com/v1beta1/projects/adoptablesf-na/sites 200
[debug] [2021-05-29T15:26:14.516Z] <<< [apiv2][body] GET https://firebasehosting.googleapis.com/v1beta1/projects/adoptablesf-na/sites {"sites":[{"name":"projects/408937750050/sites/adoptablesf-na","defaultUrl":"https://adoptablesf-na.web.app","type":"DEFAULT_SITE"}]}
[debug] [2021-05-29T15:26:14.517Z] >>> [apiv2][query] GET https://firebase.googleapis.com/v1beta1/projects/adoptablesf-na/webApps/-/config [none]
[debug] [2021-05-29T15:26:14.958Z] <<< [apiv2][status] GET https://firebase.googleapis.com/v1beta1/projects/adoptablesf-na/webApps/-/config 200
[debug] [2021-05-29T15:26:14.958Z] <<< [apiv2][body] GET https://firebase.googleapis.com/v1beta1/projects/adoptablesf-na/webApps/-/config {"projectId":"adoptablesf-na","appId":"1:408937750050:web:23cb88fba41f86ab2cf47b","storageBucket":"adoptablesf-na.appspot.com","locationId":"us-central","apiKey":"AIzaSyBp5EzQGqdD_icOfgr6D4_LnSsNCnZb2AY","authDomain":"adoptablesf-na.firebaseapp.com","messagingSenderId":"408937750050","measurementId":"G-EXG2DETCV0"}
[info] i  hosting: Serving hosting files from: public {"metadata":{"emulator":{"name":"hosting"},"message":"Serving hosting files from: \u001b[1mpublic\u001b[22m"}}
[info] ✔  hosting: Local server: http://localhost:5000 {"metadata":{"emulator":{"name":"hosting"},"message":"Local server: \u001b[4m\u001b[1mhttp://localhost:5000\u001b[22m\u001b[24m"}}
[warn] ⚠  ui: Emulator UI unable to start on port 4000, starting on 4001 instead. {"metadata":{"emulator":{"name":"ui"},"message":"Emulator UI unable to start on port 4000, starting on 4001 instead."}}
[debug] [2021-05-29T15:26:15.145Z] Ignoring unsupported arg: auto_download {"metadata":{"emulator":{"name":"ui"},"message":"Ignoring unsupported arg: auto_download"}}
[debug] [2021-05-29T15:26:15.146Z] Ignoring unsupported arg: port {"metadata":{"emulator":{"name":"ui"},"message":"Ignoring unsupported arg: port"}}
[debug] [2021-05-29T15:26:15.146Z] Starting Emulator UI with command {"binary":"node","args":["/Users/nicoleallen/.cache/firebase/emulators/ui-v1.4.2/server.bundle.js"],"optionalArgs":[],"joinArgs":false} {"metadata":{"emulator":{"name":"ui"},"message":"Starting Emulator UI with command {\"binary\":\"node\",\"args\":[\"/Users/nicoleallen/.cache/firebase/emulators/ui-v1.4.2/server.bundle.js\"],\"optionalArgs\":[],\"joinArgs\":false}"}}
[info] i  ui: Emulator UI logging to ui-debug.log {"metadata":{"emulator":{"name":"ui"},"message":"Emulator UI logging to \u001b[1mui-debug.log\u001b[22m"}}
[debug] [2021-05-29T15:26:15.242Z] Web / API server started at http://localhost:4001
 {"metadata":{"emulator":{"name":"ui"},"message":"Web / API server started at http://localhost:4001\n"}}
[info] i  functions: Watching "/Users/nicoleallen/finalProjet/adoptablesf-api/functions" for Cloud Functions... {"metadata":{"emulator":{"name":"functions"},"message":"Watching \"/Users/nicoleallen/finalProjet/adoptablesf-api/functions\" for Cloud Functions..."}}
[debug] [2021-05-29T15:26:15.459Z] [worker-pool] addWorker(~diagnostic~) {"metadata":{"emulator":{"name":"functions"},"message":"[worker-pool] addWorker(~diagnostic~)"}}
[debug] [2021-05-29T15:26:15.460Z] [worker-pool] Adding worker with key ~diagnostic~, total=1 {"metadata":{"emulator":{"name":"functions"},"message":"[worker-pool] Adding worker with key ~diagnostic~, total=1"}}
[debug] [2021-05-29T15:26:15.460Z] [worker-pool] submitWork(triggerId=) {"metadata":{"emulator":{"name":"functions"},"message":"[worker-pool] submitWork(triggerId=)"}}
[debug] [2021-05-29T15:26:15.461Z] [worker-~diagnostic~-dfeb0d21-451a-4a17-bc3b-0a7bd4bf6f44]: Assigning socketPath: /var/folders/16/nbwy3_p94p39y1j_g83z8cpm0000gn/T/fire_emu_50710.sock {"metadata":{"emulator":{"name":"functions"},"message":"[worker-~diagnostic~-dfeb0d21-451a-4a17-bc3b-0a7bd4bf6f44]: Assigning socketPath: /var/folders/16/nbwy3_p94p39y1j_g83z8cpm0000gn/T/fire_emu_50710.sock"}}
[debug] [2021-05-29T15:26:15.461Z] [worker-~diagnostic~-dfeb0d21-451a-4a17-bc3b-0a7bd4bf6f44]: BUSY {"metadata":{"emulator":{"name":"functions"},"message":"[worker-~diagnostic~-dfeb0d21-451a-4a17-bc3b-0a7bd4bf6f44]: BUSY"}}
[debug] [2021-05-29T15:26:15.579Z] [runtime-status] [50710] Functions runtime initialized. {"cwd":"/Users/nicoleallen/finalProjet/adoptablesf-api/functions","node_version":"14.16.0"} {"metadata":{"emulator":{"name":"functions"},"message":"[runtime-status] [50710] Functions runtime initialized. {\"cwd\":\"/Users/nicoleallen/finalProjet/adoptablesf-api/functions\",\"node_version\":\"14.16.0\"}"}}
[debug] [2021-05-29T15:26:15.579Z] [runtime-status] [50710] Disabled runtime features: undefined {"metadata":{"emulator":{"name":"functions"},"message":"[runtime-status] [50710] Disabled runtime features: undefined"}}
[debug] [2021-05-29T15:26:15.582Z] [runtime-status] [50710] Resolved module firebase-admin {"declared":true,"installed":true,"version":"9.8.0","resolution":"/Users/nicoleallen/finalProjet/adoptablesf-api/functions/node_modules/firebase-admin/lib/index.js"} {"metadata":{"emulator":{"name":"functions"},"message":"[runtime-status] [50710] Resolved module firebase-admin {\"declared\":true,\"installed\":true,\"version\":\"9.8.0\",\"resolution\":\"/Users/nicoleallen/finalProjet/adoptablesf-api/functions/node_modules/firebase-admin/lib/index.js\"}"}}
[debug] [2021-05-29T15:26:15.584Z] [runtime-status] [50710] Resolved module firebase-functions {"declared":true,"installed":true,"version":"3.14.1","resolution":"/Users/nicoleallen/finalProjet/adoptablesf-api/functions/node_modules/firebase-functions/lib/index.js"} {"metadata":{"emulator":{"name":"functions"},"message":"[runtime-status] [50710] Resolved module firebase-functions {\"declared\":true,\"installed\":true,\"version\":\"3.14.1\",\"resolution\":\"/Users/nicoleallen/finalProjet/adoptablesf-api/functions/node_modules/firebase-functions/lib/index.js\"}"}}
[debug] [2021-05-29T15:26:15.585Z] [runtime-status] [50710] Resolved module firebase-functions {"declared":true,"installed":true,"version":"3.14.1","resolution":"/Users/nicoleallen/finalProjet/adoptablesf-api/functions/node_modules/firebase-functions/lib/index.js"} {"metadata":{"emulator":{"name":"functions"},"message":"[runtime-status] [50710] Resolved module firebase-functions {\"declared\":true,\"installed\":true,\"version\":\"3.14.1\",\"resolution\":\"/Users/nicoleallen/finalProjet/adoptablesf-api/functions/node_modules/firebase-functions/lib/index.js\"}"}}
[debug] [2021-05-29T15:26:15.586Z] [runtime-status] [50710] Outgoing network have been stubbed. [{"name":"http","status":"mocked"},{"name":"http","status":"mocked"},{"name":"https","status":"mocked"},{"name":"https","status":"mocked"},{"name":"net","status":"mocked"}] {"metadata":{"emulator":{"name":"functions"},"message":"[runtime-status] [50710] Outgoing network have been stubbed. [{\"name\":\"http\",\"status\":\"mocked\"},{\"name\":\"http\",\"status\":\"mocked\"},{\"name\":\"https\",\"status\":\"mocked\"},{\"name\":\"https\",\"status\":\"mocked\"},{\"name\":\"net\",\"status\":\"mocked\"}]"}}
[debug] [2021-05-29T15:26:15.586Z] [runtime-status] [50710] Resolved module firebase-functions {"declared":true,"installed":true,"version":"3.14.1","resolution":"/Users/nicoleallen/finalProjet/adoptablesf-api/functions/node_modules/firebase-functions/lib/index.js"} {"metadata":{"emulator":{"name":"functions"},"message":"[runtime-status] [50710] Resolved module firebase-functions {\"declared\":true,\"installed\":true,\"version\":\"3.14.1\",\"resolution\":\"/Users/nicoleallen/finalProjet/adoptablesf-api/functions/node_modules/firebase-functions/lib/index.js\"}"}}
[debug] [2021-05-29T15:26:15.621Z] [runtime-status] [50710] Checked functions.config() {"config":{}} {"metadata":{"emulator":{"name":"functions"},"message":"[runtime-status] [50710] Checked functions.config() {\"config\":{}}"}}
[debug] [2021-05-29T15:26:15.621Z] [runtime-status] [50710] firebase-functions has been stubbed. {"functionsResolution":{"declared":true,"installed":true,"version":"3.14.1","resolution":"/Users/nicoleallen/finalProjet/adoptablesf-api/functions/node_modules/firebase-functions/lib/index.js"}} {"metadata":{"emulator":{"name":"functions"},"message":"[runtime-status] [50710] firebase-functions has been stubbed. {\"functionsResolution\":{\"declared\":true,\"installed\":true,\"version\":\"3.14.1\",\"resolution\":\"/Users/nicoleallen/finalProjet/adoptablesf-api/functions/node_modules/firebase-functions/lib/index.js\"}}"}}
[debug] [2021-05-29T15:26:15.621Z] [runtime-status] [50710] Resolved module firebase-functions {"declared":true,"installed":true,"version":"3.14.1","resolution":"/Users/nicoleallen/finalProjet/adoptablesf-api/functions/node_modules/firebase-functions/lib/index.js"} {"metadata":{"emulator":{"name":"functions"},"message":"[runtime-status] [50710] Resolved module firebase-functions {\"declared\":true,\"installed\":true,\"version\":\"3.14.1\",\"resolution\":\"/Users/nicoleallen/finalProjet/adoptablesf-api/functions/node_modules/firebase-functions/lib/index.js\"}"}}
[debug] [2021-05-29T15:26:15.621Z] [runtime-status] [50710] Resolved module firebase-admin {"declared":true,"installed":true,"version":"9.8.0","resolution":"/Users/nicoleallen/finalProjet/adoptablesf-api/functions/node_modules/firebase-admin/lib/index.js"} {"metadata":{"emulator":{"name":"functions"},"message":"[runtime-status] [50710] Resolved module firebase-admin {\"declared\":true,\"installed\":true,\"version\":\"9.8.0\",\"resolution\":\"/Users/nicoleallen/finalProjet/adoptablesf-api/functions/node_modules/firebase-admin/lib/index.js\"}"}}
[debug] [2021-05-29T15:26:15.622Z] [runtime-status] [50710] Resolved module firebase-functions {"declared":true,"installed":true,"version":"3.14.1","resolution":"/Users/nicoleallen/finalProjet/adoptablesf-api/functions/node_modules/firebase-functions/lib/index.js"} {"metadata":{"emulator":{"name":"functions"},"message":"[runtime-status] [50710] Resolved module firebase-functions {\"declared\":true,\"installed\":true,\"version\":\"3.14.1\",\"resolution\":\"/Users/nicoleallen/finalProjet/adoptablesf-api/functions/node_modules/firebase-functions/lib/index.js\"}"}}
[debug] [2021-05-29T15:26:15.622Z] [runtime-status] [50710] firebase-admin has been stubbed. {"adminResolution":{"declared":true,"installed":true,"version":"9.8.0","resolution":"/Users/nicoleallen/finalProjet/adoptablesf-api/functions/node_modules/firebase-admin/lib/index.js"}} {"metadata":{"emulator":{"name":"functions"},"message":"[runtime-status] [50710] firebase-admin has been stubbed. {\"adminResolution\":{\"declared\":true,\"installed\":true,\"version\":\"9.8.0\",\"resolution\":\"/Users/nicoleallen/finalProjet/adoptablesf-api/functions/node_modules/firebase-admin/lib/index.js\"}}"}}
[info] ✔  functions[app]: http function initialized (http://localhost:5001/adoptablesf-na/us-central1/app). {"metadata":{"emulator":{"name":"functions"},"message":"\u001b[1mhttp\u001b[22m function initialized (http://localhost:5001/adoptablesf-na/us-central1/app)."}}
[info] 
┌─────────────────────────────────────────────────────────────┐
│ ✔  All emulators ready! It is now safe to connect your app. │
│ i  View Emulator UI at http://localhost:4001                │
└─────────────────────────────────────────────────────────────┘

┌───────────┬────────────────┬─────────────────────────────────┐
│ Emulator  │ Host:Port      │ View in Emulator UI             │
├───────────┼────────────────┼─────────────────────────────────┤
│ Functions │ localhost:5001 │ http://localhost:4001/functions │
├───────────┼────────────────┼─────────────────────────────────┤
│ Hosting   │ localhost:5000 │ n/a                             │
└───────────┴────────────────┴─────────────────────────────────┘
  Emulator Hub running at localhost:4400
  Other reserved ports: 4500

Issues? Report them at https://github.com/firebase/firebase-tools/issues and attach the *-debug.log files.
 
[debug] [2021-05-29T15:26:15.682Z] [worker-~diagnostic~-dfeb0d21-451a-4a17-bc3b-0a7bd4bf6f44]: IDLE {"metadata":{"emulator":{"name":"functions"},"message":"[worker-~diagnostic~-dfeb0d21-451a-4a17-bc3b-0a7bd4bf6f44]: IDLE"}}
[info] [hosting] Rewriting /pets to http://localhost:5001/adoptablesf-na/us-central1/app for local Function app
[debug] [2021-05-29T15:26:23.365Z] >>> [apiv2][query] GET http://localhost:5001/adoptablesf-na/us-central1/app/pets 
[debug] [2021-05-29T15:26:23.372Z] [work-queue] {"queueLength":1,"workRunningCount":0}
[debug] [2021-05-29T15:26:23.372Z] [work-queue] {"queueLength":0,"workRunningCount":1}
[debug] [2021-05-29T15:26:23.372Z] Accepted request GET /adoptablesf-na/us-central1/app/pets --> app
[debug] [2021-05-29T15:26:23.382Z] [worker-pool] addWorker(app) {"metadata":{"emulator":{"name":"functions"},"message":"[worker-pool] addWorker(app)"}}
[debug] [2021-05-29T15:26:23.383Z] [worker-pool] Adding worker with key app, total=1 {"metadata":{"emulator":{"name":"functions"},"message":"[worker-pool] Adding worker with key app, total=1"}}
[debug] [2021-05-29T15:26:23.383Z] [worker-pool] submitWork(triggerId=app) {"metadata":{"emulator":{"name":"functions"},"message":"[worker-pool] submitWork(triggerId=app)"}}
[debug] [2021-05-29T15:26:23.383Z] [worker-app-1ccabd6b-dd59-421f-a7c4-61ce03f09a97]: Assigning socketPath: /var/folders/16/nbwy3_p94p39y1j_g83z8cpm0000gn/T/fire_emu_50726.sock {"metadata":{"emulator":{"name":"functions"},"message":"[worker-app-1ccabd6b-dd59-421f-a7c4-61ce03f09a97]: Assigning socketPath: /var/folders/16/nbwy3_p94p39y1j_g83z8cpm0000gn/T/fire_emu_50726.sock"}}
[debug] [2021-05-29T15:26:23.383Z] [worker-app-1ccabd6b-dd59-421f-a7c4-61ce03f09a97]: BUSY {"metadata":{"emulator":{"name":"functions"},"message":"[worker-app-1ccabd6b-dd59-421f-a7c4-61ce03f09a97]: BUSY"}}
[debug] [2021-05-29T15:26:23.549Z] [runtime-status] [50726] Functions runtime initialized. {"cwd":"/Users/nicoleallen/finalProjet/adoptablesf-api/functions","node_version":"14.16.0"} {"metadata":{"emulator":{"name":"functions"},"function":{"name":"app"},"message":"[runtime-status] [50726] Functions runtime initialized. {\"cwd\":\"/Users/nicoleallen/finalProjet/adoptablesf-api/functions\",\"node_version\":\"14.16.0\"}"}}
[debug] [2021-05-29T15:26:23.550Z] [runtime-status] [50726] Disabled runtime features: undefined {"metadata":{"emulator":{"name":"functions"},"function":{"name":"app"},"message":"[runtime-status] [50726] Disabled runtime features: undefined"}}
[debug] [2021-05-29T15:26:23.556Z] [runtime-status] [50726] Resolved module firebase-admin {"declared":true,"installed":true,"version":"9.8.0","resolution":"/Users/nicoleallen/finalProjet/adoptablesf-api/functions/node_modules/firebase-admin/lib/index.js"} {"metadata":{"emulator":{"name":"functions"},"function":{"name":"app"},"message":"[runtime-status] [50726] Resolved module firebase-admin {\"declared\":true,\"installed\":true,\"version\":\"9.8.0\",\"resolution\":\"/Users/nicoleallen/finalProjet/adoptablesf-api/functions/node_modules/firebase-admin/lib/index.js\"}"}}
[debug] [2021-05-29T15:26:23.558Z] [runtime-status] [50726] Resolved module firebase-functions {"declared":true,"installed":true,"version":"3.14.1","resolution":"/Users/nicoleallen/finalProjet/adoptablesf-api/functions/node_modules/firebase-functions/lib/index.js"} {"metadata":{"emulator":{"name":"functions"},"function":{"name":"app"},"message":"[runtime-status] [50726] Resolved module firebase-functions {\"declared\":true,\"installed\":true,\"version\":\"3.14.1\",\"resolution\":\"/Users/nicoleallen/finalProjet/adoptablesf-api/functions/node_modules/firebase-functions/lib/index.js\"}"}}
[debug] [2021-05-29T15:26:23.559Z] [runtime-status] [50726] Resolved module firebase-functions {"declared":true,"installed":true,"version":"3.14.1","resolution":"/Users/nicoleallen/finalProjet/adoptablesf-api/functions/node_modules/firebase-functions/lib/index.js"} {"metadata":{"emulator":{"name":"functions"},"function":{"name":"app"},"message":"[runtime-status] [50726] Resolved module firebase-functions {\"declared\":true,\"installed\":true,\"version\":\"3.14.1\",\"resolution\":\"/Users/nicoleallen/finalProjet/adoptablesf-api/functions/node_modules/firebase-functions/lib/index.js\"}"}}
[debug] [2021-05-29T15:26:23.561Z] [runtime-status] [50726] Outgoing network have been stubbed. [{"name":"http","status":"mocked"},{"name":"http","status":"mocked"},{"name":"https","status":"mocked"},{"name":"https","status":"mocked"},{"name":"net","status":"mocked"}] {"metadata":{"emulator":{"name":"functions"},"function":{"name":"app"},"message":"[runtime-status] [50726] Outgoing network have been stubbed. [{\"name\":\"http\",\"status\":\"mocked\"},{\"name\":\"http\",\"status\":\"mocked\"},{\"name\":\"https\",\"status\":\"mocked\"},{\"name\":\"https\",\"status\":\"mocked\"},{\"name\":\"net\",\"status\":\"mocked\"}]"}}
[debug] [2021-05-29T15:26:23.561Z] [runtime-status] [50726] Resolved module firebase-functions {"declared":true,"installed":true,"version":"3.14.1","resolution":"/Users/nicoleallen/finalProjet/adoptablesf-api/functions/node_modules/firebase-functions/lib/index.js"} {"metadata":{"emulator":{"name":"functions"},"function":{"name":"app"},"message":"[runtime-status] [50726] Resolved module firebase-functions {\"declared\":true,\"installed\":true,\"version\":\"3.14.1\",\"resolution\":\"/Users/nicoleallen/finalProjet/adoptablesf-api/functions/node_modules/firebase-functions/lib/index.js\"}"}}
[debug] [2021-05-29T15:26:23.605Z] [runtime-status] [50726] Checked functions.config() {"config":{}} {"metadata":{"emulator":{"name":"functions"},"function":{"name":"app"},"message":"[runtime-status] [50726] Checked functions.config() {\"config\":{}}"}}
[debug] [2021-05-29T15:26:23.606Z] [runtime-status] [50726] firebase-functions has been stubbed. {"functionsResolution":{"declared":true,"installed":true,"version":"3.14.1","resolution":"/Users/nicoleallen/finalProjet/adoptablesf-api/functions/node_modules/firebase-functions/lib/index.js"}} {"metadata":{"emulator":{"name":"functions"},"function":{"name":"app"},"message":"[runtime-status] [50726] firebase-functions has been stubbed. {\"functionsResolution\":{\"declared\":true,\"installed\":true,\"version\":\"3.14.1\",\"resolution\":\"/Users/nicoleallen/finalProjet/adoptablesf-api/functions/node_modules/firebase-functions/lib/index.js\"}}"}}
[debug] [2021-05-29T15:26:23.606Z] [runtime-status] [50726] Resolved module firebase-functions {"declared":true,"installed":true,"version":"3.14.1","resolution":"/Users/nicoleallen/finalProjet/adoptablesf-api/functions/node_modules/firebase-functions/lib/index.js"} {"metadata":{"emulator":{"name":"functions"},"function":{"name":"app"},"message":"[runtime-status] [50726] Resolved module firebase-functions {\"declared\":true,\"installed\":true,\"version\":\"3.14.1\",\"resolution\":\"/Users/nicoleallen/finalProjet/adoptablesf-api/functions/node_modules/firebase-functions/lib/index.js\"}"}}
[debug] [2021-05-29T15:26:23.607Z] [runtime-status] [50726] Resolved module firebase-admin {"declared":true,"installed":true,"version":"9.8.0","resolution":"/Users/nicoleallen/finalProjet/adoptablesf-api/functions/node_modules/firebase-admin/lib/index.js"} {"metadata":{"emulator":{"name":"functions"},"function":{"name":"app"},"message":"[runtime-status] [50726] Resolved module firebase-admin {\"declared\":true,\"installed\":true,\"version\":\"9.8.0\",\"resolution\":\"/Users/nicoleallen/finalProjet/adoptablesf-api/functions/node_modules/firebase-admin/lib/index.js\"}"}}
[debug] [2021-05-29T15:26:23.608Z] [runtime-status] [50726] Resolved module firebase-functions {"declared":true,"installed":true,"version":"3.14.1","resolution":"/Users/nicoleallen/finalProjet/adoptablesf-api/functions/node_modules/firebase-functions/lib/index.js"} {"metadata":{"emulator":{"name":"functions"},"function":{"name":"app"},"message":"[runtime-status] [50726] Resolved module firebase-functions {\"declared\":true,\"installed\":true,\"version\":\"3.14.1\",\"resolution\":\"/Users/nicoleallen/finalProjet/adoptablesf-api/functions/node_modules/firebase-functions/lib/index.js\"}"}}
[debug] [2021-05-29T15:26:23.608Z] [runtime-status] [50726] firebase-admin has been stubbed. {"adminResolution":{"declared":true,"installed":true,"version":"9.8.0","resolution":"/Users/nicoleallen/finalProjet/adoptablesf-api/functions/node_modules/firebase-admin/lib/index.js"}} {"metadata":{"emulator":{"name":"functions"},"function":{"name":"app"},"message":"[runtime-status] [50726] firebase-admin has been stubbed. {\"adminResolution\":{\"declared\":true,\"installed\":true,\"version\":\"9.8.0\",\"resolution\":\"/Users/nicoleallen/finalProjet/adoptablesf-api/functions/node_modules/firebase-admin/lib/index.js\"}}"}}
[debug] [2021-05-29T15:26:23.668Z] [runtime-status] [50726] Trigger "app" has been found, beginning invocation! {"metadata":{"emulator":{"name":"functions"},"function":{"name":"app"},"message":"[runtime-status] [50726] Trigger \"app\" has been found, beginning invocation!"}}
[info] i  functions: Beginning execution of "app" {"metadata":{"emulator":{"name":"functions"},"function":{"name":"app"},"message":"Beginning execution of \"app\""}}
[debug] [2021-05-29T15:26:23.669Z] [runtime-status] [50726] triggerDefinition {"httpsTrigger":{},"name":"app","entryPoint":"app"} {"metadata":{"emulator":{"name":"functions"},"function":{"name":"app"},"message":"[runtime-status] [50726] triggerDefinition {\"httpsTrigger\":{},\"name\":\"app\",\"entryPoint\":\"app\"}"}}
[debug] [2021-05-29T15:26:23.669Z] [runtime-status] [50726] Running app in mode HTTPS {"metadata":{"emulator":{"name":"functions"},"function":{"name":"app"},"message":"[runtime-status] [50726] Running app in mode HTTPS"}}
[debug] [2021-05-29T15:26:23.671Z] [runtime-status] [50726] Attempting to listen to socketPath: /var/folders/16/nbwy3_p94p39y1j_g83z8cpm0000gn/T/fire_emu_50726.sock {"metadata":{"emulator":{"name":"functions"},"function":{"name":"app"},"message":"[runtime-status] [50726] Attempting to listen to socketPath: /var/folders/16/nbwy3_p94p39y1j_g83z8cpm0000gn/T/fire_emu_50726.sock"}}
[debug] [2021-05-29T15:26:23.674Z] [functions] Runtime ready! Sending request! {"metadata":{"emulator":{"name":"functions"},"message":"[functions] Runtime ready! Sending request!"}}
[debug] [2021-05-29T15:26:23.674Z] [functions] Got req.url=/adoptablesf-na/us-central1/app/pets, mapping to path=/pets {"metadata":{"emulator":{"name":"functions"},"message":"[functions] Got req.url=/adoptablesf-na/us-central1/app/pets, mapping to path=/pets"}}
[debug] [2021-05-29T15:26:23.679Z] [runtime-status] [50726] Ephemeral server handling GET request {"metadata":{"emulator":{"name":"functions"},"function":{"name":"app"},"message":"[runtime-status] [50726] Ephemeral server handling GET request"}}
[debug] [2021-05-29T15:26:23.722Z] [runtime-status] [50726] initializeApp(DEFAULT) {"credential":{"implicit":false,"projectId":"adoptablesf-na","privateKey":"-----BEGIN PRIVATE KEY-----\nMIIEvgIBADANBgkqhkiG9w0BAQEFAASCBKgwggSkAgEAAoIBAQC2aXz7Qar1GiIX\ntuhOcQEBOLmFKtoW6NRtIgQuZoq7TLnlrXdftaSjgXX/jWsHvEKXaCnZb1LqC/VE\nzX1/JL0yjCTsP3SEYCEE3GzOo7r4sXgt35GZ2aSt50aDHwblYP8uo1CdNSgOEbGx\nhp0LCmYLM3JGszQFnIwcgmQ9/cI+LBmVvt1GQw0K3Ad8zKU5V6m0hZ6HgjePWaZt\nzacEQ7zqe3i14M8M3OEIH693dS6IYUvgSJ7Ir5uiedew1GSxDtg2OK95oPC+pfmJ\nAzg/fRr8bPFSD7GU36HjvkbLBfs49BO6g5eOgvqzZIF/cXq+Q2v/eV6MGE5d+bbE\n8UodWLcjAgMBAAECggEACobP5ZgGi5p0eTXe9hfjXPSvEBZG+6d4Csw5vYvBWcm1\nuKFoECflVmI0MwkwMgQVO7ORJrEb8dG617ucEGhIWtBnmRKYYMNDZIpr5Qjh01Q6\ngTszpdM/g6GjGhICTd5pG4HlNw1IQHeY74u7KFXzSZYwdBAHYoOEOmjz6/fm67t6\nrdf21dZAE3289CJc0zCXnrxWgBlaLxMC/sV/mUlcLs/Pq9qwCzZYGSgdtONYbLYN\nYFg9XHqhemxPThjRceakXcMkEdOKPk+lNcZAp58kp8mVXNWwMGlWDTm/EJLpEcNd\n2gzPA6mmCYhfpi6AjlJm9iVhDssW4SS904wYsey3cQKBgQDxkovd8DMq+pMFpx2G\n++zcViodnKFctKbxzhOMsfbop0a9fcgJrxBvjwuCMZy/D4FuTvT2UQqaXR4NDl60\nv/EC+eI8ZW+08UHEUftzPH8mDcaM3BZ7g/odyNW5cgezl2u1qB25avNGz66gvPdl\nna1RPYFHQKX1Xvx6nVDVHObibQKBgQDBTm0HVkJijhBjlhpFzPUalGBLJI8z53pi\nMX7q4tGrxdikOj0PJ3xYmODPY0ljJiBMr61vBLWGJBHkvCxX5b0np1HbqSJ5ANe3\nwjxEaTdWnLrkXWYfC4N4j1jldQSqrqKFgaJPSHmFX/WySZLxMkGKraOrQFXwvTiZ\nrnf2a/mFzwKBgQCfZU3qvHJWuo3GHhWqmpIYdLZHYbFLRVwekxZtMIQ10SIpKFSU\npzHWGnHCj0/Y9bc2fNy/pouzfRu2C7RL2ZaCmzU/GsNRhhsaGeoriFBxYIeRLCud\nhmDDxF/ZhDc2tgP5EhvC26H4KFMWdnlbUGYrA8VIqYyX0fwQP7s1U2O5JQKBgAvP\nYtHj70JeM5oh/ZDuKLtq/UcaALXHGq8NHxfyq6S2/blq5XgbjXlMPc/t3Pn1xltp\nEEuMGhsL8RvsczkbjCb0DghBmR2Tc5qCf3QeiYb9JF33ZtnWtj2TZHcAYzyaVsuZ\nU/VMFECV0EkIPbYGwAJdAXbhA18l8GNTSXkAt8n5AoGBALH9YnO71myVAlhXY7dg\nShFwIuLUvSBap+jN7TZCf78kazW4VXSYOoOLyFpVdRBLu5KuitNaYzdwR1MmuOe6\nRGvy01Tyx6p75hDMcIYqCM2QEmTTBFHPUhxGRrUxIxewf3kkiIDrt9bQ3NA/5n+8\nrDD25HtEsMJ57G7DIB+PHcgL\n-----END PRIVATE KEY-----\n","clientEmail":"firebase-adminsdk-hz5j3@adoptablesf-na.iam.gserviceaccount.com","httpClient":{"retry":{"maxRetries":4,"statusCodes":[503],"ioErrorCodes":["ECONNRESET","ETIMEDOUT"],"backOffFactor":0.5,"maxDelayInMillis":60000}}}} {"metadata":{"emulator":{"name":"functions"},"function":{"name":"app"},"message":"[runtime-status] [50726] initializeApp(DEFAULT) {\"credential\":{\"implicit\":false,\"projectId\":\"adoptablesf-na\",\"privateKey\":\"-----BEGIN PRIVATE KEY-----\\nMIIEvgIBADANBgkqhkiG9w0BAQEFAASCBKgwggSkAgEAAoIBAQC2aXz7Qar1GiIX\\ntuhOcQEBOLmFKtoW6NRtIgQuZoq7TLnlrXdftaSjgXX/jWsHvEKXaCnZb1LqC/VE\\nzX1/JL0yjCTsP3SEYCEE3GzOo7r4sXgt35GZ2aSt50aDHwblYP8uo1CdNSgOEbGx\\nhp0LCmYLM3JGszQFnIwcgmQ9/cI+LBmVvt1GQw0K3Ad8zKU5V6m0hZ6HgjePWaZt\\nzacEQ7zqe3i14M8M3OEIH693dS6IYUvgSJ7Ir5uiedew1GSxDtg2OK95oPC+pfmJ\\nAzg/fRr8bPFSD7GU36HjvkbLBfs49BO6g5eOgvqzZIF/cXq+Q2v/eV6MGE5d+bbE\\n8UodWLcjAgMBAAECggEACobP5ZgGi5p0eTXe9hfjXPSvEBZG+6d4Csw5vYvBWcm1\\nuKFoECflVmI0MwkwMgQVO7ORJrEb8dG617ucEGhIWtBnmRKYYMNDZIpr5Qjh01Q6\\ngTszpdM/g6GjGhICTd5pG4HlNw1IQHeY74u7KFXzSZYwdBAHYoOEOmjz6/fm67t6\\nrdf21dZAE3289CJc0zCXnrxWgBlaLxMC/sV/mUlcLs/Pq9qwCzZYGSgdtONYbLYN\\nYFg9XHqhemxPThjRceakXcMkEdOKPk+lNcZAp58kp8mVXNWwMGlWDTm/EJLpEcNd\\n2gzPA6mmCYhfpi6AjlJm9iVhDssW4SS904wYsey3cQKBgQDxkovd8DMq+pMFpx2G\\n++zcViodnKFctKbxzhOMsfbop0a9fcgJrxBvjwuCMZy/D4FuTvT2UQqaXR4NDl60\\nv/EC+eI8ZW+08UHEUftzPH8mDcaM3BZ7g/odyNW5cgezl2u1qB25avNGz66gvPdl\\nna1RPYFHQKX1Xvx6nVDVHObibQKBgQDBTm0HVkJijhBjlhpFzPUalGBLJI8z53pi\\nMX7q4tGrxdikOj0PJ3xYmODPY0ljJiBMr61vBLWGJBHkvCxX5b0np1HbqSJ5ANe3\\nwjxEaTdWnLrkXWYfC4N4j1jldQSqrqKFgaJPSHmFX/WySZLxMkGKraOrQFXwvTiZ\\nrnf2a/mFzwKBgQCfZU3qvHJWuo3GHhWqmpIYdLZHYbFLRVwekxZtMIQ10SIpKFSU\\npzHWGnHCj0/Y9bc2fNy/pouzfRu2C7RL2ZaCmzU/GsNRhhsaGeoriFBxYIeRLCud\\nhmDDxF/ZhDc2tgP5EhvC26H4KFMWdnlbUGYrA8VIqYyX0fwQP7s1U2O5JQKBgAvP\\nYtHj70JeM5oh/ZDuKLtq/UcaALXHGq8NHxfyq6S2/blq5XgbjXlMPc/t3Pn1xltp\\nEEuMGhsL8RvsczkbjCb0DghBmR2Tc5qCf3QeiYb9JF33ZtnWtj2TZHcAYzyaVsuZ\\nU/VMFECV0EkIPbYGwAJdAXbhA18l8GNTSXkAt8n5AoGBALH9YnO71myVAlhXY7dg\\nShFwIuLUvSBap+jN7TZCf78kazW4VXSYOoOLyFpVdRBLu5KuitNaYzdwR1MmuOe6\\nRGvy01Tyx6p75hDMcIYqCM2QEmTTBFHPUhxGRrUxIxewf3kkiIDrt9bQ3NA/5n+8\\nrDD25HtEsMJ57G7DIB+PHcgL\\n-----END PRIVATE KEY-----\\n\",\"clientEmail\":\"firebase-adminsdk-hz5j3@adoptablesf-na.iam.gserviceaccount.com\",\"httpClient\":{\"retry\":{\"maxRetries\":4,\"statusCodes\":[503],\"ioErrorCodes\":[\"ECONNRESET\",\"ETIMEDOUT\"],\"backOffFactor\":0.5,\"maxDelayInMillis\":60000}}}}"}}
[warn] ⚠  functions: The Cloud Firestore emulator is not running, so calls to Firestore will affect production. {"metadata":{"emulator":{"name":"functions"},"function":{"name":"app"},"message":"The Cloud Firestore emulator is not running, so calls to Firestore will affect production."}}
[debug] [2021-05-29T15:26:23.908Z] [runtime-status] [50726] Ephemeral server survived. {"metadata":{"emulator":{"name":"functions"},"function":{"name":"app"},"message":"[runtime-status] [50726] Ephemeral server survived."}}
[debug] [2021-05-29T15:26:24.370Z] <<< [apiv2][status] GET http://localhost:5001/adoptablesf-na/us-central1/app/pets 200
[debug] [2021-05-29T15:26:24.370Z] <<< [apiv2][body] GET http://localhost:5001/adoptablesf-na/us-central1/app/pets [stream]
[info] i  hosting: 127.0.0.1 - - [29/May/2021:15:26:24 +0000] "GET /pets HTTP/1.1" 200 5472 "http://localhost:3000/" "Mozilla/5.0 (Macintosh; Intel Mac OS X 10_15_7) AppleWebKit/537.36 (KHTML, like Gecko) Chrome/91.0.4472.77 Safari/537.36" {"metadata":{"emulator":{"name":"hosting"},"message":"127.0.0.1 - - [29/May/2021:15:26:24 +0000] \"GET /pets HTTP/1.1\" 200 5472 \"http://localhost:3000/\" \"Mozilla/5.0 (Macintosh; Intel Mac OS X 10_15_7) AppleWebKit/537.36 (KHTML, like Gecko) Chrome/91.0.4472.77 Safari/537.36\""}}
[info] i  functions: Finished "app" in ~1s {"metadata":{"emulator":{"name":"functions"},"function":{"name":"app"},"message":"Finished \"app\" in ~1s"}}
[debug] [2021-05-29T15:26:24.373Z] [worker-app-1ccabd6b-dd59-421f-a7c4-61ce03f09a97]: IDLE {"metadata":{"emulator":{"name":"functions"},"message":"[worker-app-1ccabd6b-dd59-421f-a7c4-61ce03f09a97]: IDLE"}}
[debug] [2021-05-29T15:26:24.373Z] [work-queue] {"queueLength":0,"workRunningCount":0}
